<?xml version="1.0" encoding="UTF-8"?>
<testng-results skipped="0" failed="0" ignored="0" total="2" passed="2">
  <reporter-output>
  </reporter-output>
  <suite name="Default suite" duration-ms="32910" started-at="2021-09-03T15:17:57 IST" finished-at="2021-09-03T15:18:30 IST">
    <groups>
    </groups>
    <test name="Default test" duration-ms="32910" started-at="2021-09-03T15:17:57 IST" finished-at="2021-09-03T15:18:30 IST">
      <class name="com.Vinsys.JavaScriptExecutor">
        <test-method status="PASS" signature="jsListenEventExecute()[pri:0, instance:com.Vinsys.JavaScriptExecutor@551aa95a]" name="jsListenEventExecute" duration-ms="18222" started-at="2021-09-03T15:17:58 IST" finished-at="2021-09-03T15:18:16 IST">
          <reporter-output>
          </reporter-output>
        </test-method> <!-- jsListenEventExecute -->
        <test-method status="PASS" signature="jsPageScroll()[pri:0, instance:com.Vinsys.JavaScriptExecutor@551aa95a]" name="jsPageScroll" duration-ms="14607" started-at="2021-09-03T15:18:16 IST" finished-at="2021-09-03T15:18:30 IST">
          <reporter-output>
          </reporter-output>
        </test-method> <!-- jsPageScroll -->
      </class> <!-- com.Vinsys.JavaScriptExecutor -->
    </test> <!-- Default test -->
  </suite> <!-- Default suite -->
</testng-results>
